2018-05-09 23:19:24.797  INFO 8940 --- [main] cn.vp.BackStageApplication               : Starting BackStageApplication on PC-20170206EASJ with PID 8940 (H:\workspace\special\back-stage\target\classes started by Administrator in H:\workspace\special)
2018-05-09 23:19:24.801  INFO 8940 --- [main] cn.vp.BackStageApplication               : No active profile set, falling back to default profiles: default
2018-05-09 23:19:25.217  INFO 8940 --- [main] ationConfigEmbeddedWebApplicationContext : Refreshing org.springframework.boot.context.embedded.AnnotationConfigEmbeddedWebApplicationContext@7c729a55: startup date [Wed May 09 23:19:25 CST 2018]; root of context hierarchy
2018-05-09 23:19:26.798  INFO 8940 --- [main] s.b.c.e.t.TomcatEmbeddedServletContainer : Tomcat initialized with port(s): 8080 (http)
2018-05-09 23:19:26.841  INFO 8940 --- [main] o.apache.catalina.core.StandardService   : Starting service [Tomcat]
2018-05-09 23:19:26.841  INFO 8940 --- [main] org.apache.catalina.core.StandardEngine  : Starting Servlet Engine: Apache Tomcat/8.5.29
2018-05-09 23:19:27.045  INFO 8940 --- [localhost-startStop-1] o.a.c.c.C.[Tomcat].[localhost].[/]       : Initializing Spring embedded WebApplicationContext
2018-05-09 23:19:27.046  INFO 8940 --- [localhost-startStop-1] o.s.web.context.ContextLoader            : Root WebApplicationContext: initialization completed in 1835 ms
2018-05-09 23:19:27.334  INFO 8940 --- [localhost-startStop-1] o.s.b.w.servlet.ServletRegistrationBean  : Mapping servlet: 'statViewServlet' to [/druid/*]
2018-05-09 23:19:27.337  INFO 8940 --- [localhost-startStop-1] o.s.b.w.servlet.ServletRegistrationBean  : Mapping servlet: 'dispatcherServlet' to [/]
2018-05-09 23:19:27.342  INFO 8940 --- [localhost-startStop-1] o.s.b.w.servlet.FilterRegistrationBean   : Mapping filter: 'characterEncodingFilter' to: [/*]
2018-05-09 23:19:27.343  INFO 8940 --- [localhost-startStop-1] o.s.b.w.servlet.FilterRegistrationBean   : Mapping filter: 'hiddenHttpMethodFilter' to: [/*]
2018-05-09 23:19:27.345  INFO 8940 --- [localhost-startStop-1] o.s.b.w.servlet.FilterRegistrationBean   : Mapping filter: 'httpPutFormContentFilter' to: [/*]
2018-05-09 23:19:27.346  INFO 8940 --- [localhost-startStop-1] o.s.b.w.servlet.FilterRegistrationBean   : Mapping filter: 'requestContextFilter' to: [/*]
2018-05-09 23:19:27.346  INFO 8940 --- [localhost-startStop-1] o.s.b.w.servlet.FilterRegistrationBean   : Mapping filter: 'webStatFilter' to urls: [/*]
2018-05-09 23:19:28.483  INFO 8940 --- [main] s.w.s.m.m.a.RequestMappingHandlerAdapter : Looking for @ControllerAdvice: org.springframework.boot.context.embedded.AnnotationConfigEmbeddedWebApplicationContext@7c729a55: startup date [Wed May 09 23:19:25 CST 2018]; root of context hierarchy
2018-05-09 23:19:28.540  INFO 8940 --- [main] s.w.s.m.m.a.RequestMappingHandlerMapping : Mapped "{[/advert.htm]}" onto public java.lang.String cn.vp.controller.controller.AdvertController.advert()
2018-05-09 23:19:28.542  INFO 8940 --- [main] s.w.s.m.m.a.RequestMappingHandlerMapping : Mapped "{[/adByConditions.do]}" onto public java.lang.String cn.vp.controller.controller.AdvertController.adByConditions(java.lang.Integer)
2018-05-09 23:19:28.542  INFO 8940 --- [main] s.w.s.m.m.a.RequestMappingHandlerMapping : Mapped "{[/advert]}" onto public java.lang.String cn.vp.controller.controller.AdvertController.addAdvert()
2018-05-09 23:19:28.543  INFO 8940 --- [main] s.w.s.m.m.a.RequestMappingHandlerMapping : Mapped "{[/index.do]}" onto public java.lang.String cn.vp.controller.controller.IndexController.index(javax.servlet.http.HttpServletRequest,java.lang.String,java.lang.String)
2018-05-09 23:19:28.544  INFO 8940 --- [main] s.w.s.m.m.a.RequestMappingHandlerMapping : Mapped "{[/query]}" onto public java.lang.String cn.vp.controller.controller.MenuController.list()
2018-05-09 23:19:28.545  INFO 8940 --- [main] s.w.s.m.m.a.RequestMappingHandlerMapping : Mapped "{[/parentMenu.do]}" onto public java.lang.String cn.vp.controller.controller.MenuController.menu(java.util.Map<java.lang.String, java.lang.Object>)
2018-05-09 23:19:28.546  INFO 8940 --- [main] s.w.s.m.m.a.RequestMappingHandlerMapping : Mapped "{[/menus.do]}" onto public java.lang.String cn.vp.controller.controller.MenuController.getMenus(java.lang.Integer)
2018-05-09 23:19:28.548  INFO 8940 --- [main] s.w.s.m.m.a.RequestMappingHandlerMapping : Mapped "{[/menu.do]}" onto public java.lang.String cn.vp.controller.controller.MenuController.addOrEditmenu(java.util.Map<java.lang.String, java.lang.Object>,java.lang.Integer,java.lang.Integer)
2018-05-09 23:19:28.548  INFO 8940 --- [main] s.w.s.m.m.a.RequestMappingHandlerMapping : Mapped "{[/imageupload.htm]}" onto public java.lang.String cn.vp.controller.controller.MenuController.imageUpload(org.springframework.web.multipart.MultipartFile,java.lang.String)
2018-05-09 23:19:28.549  INFO 8940 --- [main] s.w.s.m.m.a.RequestMappingHandlerMapping : Mapped "{[/menuHandle.htm]}" onto public java.lang.String cn.vp.controller.controller.MenuController.menuHandle()
2018-05-09 23:19:28.549  INFO 8940 --- [main] s.w.s.m.m.a.RequestMappingHandlerMapping : Mapped "{[/menuAdd.do]}" onto public java.lang.String cn.vp.controller.controller.MenuController.menuAdd(cn.vp.bean.Menu)
2018-05-09 23:19:28.549  INFO 8940 --- [main] s.w.s.m.m.a.RequestMappingHandlerMapping : Mapped "{[/delMenu]}" onto public java.lang.String cn.vp.controller.controller.MenuController.delMenu(java.lang.Integer[])
2018-05-09 23:19:28.549  INFO 8940 --- [main] s.w.s.m.m.a.RequestMappingHandlerMapping : Mapped "{[/menuUpdate.do]}" onto public java.lang.String cn.vp.controller.controller.MenuController.menuUpdate(cn.vp.bean.Menu)
2018-05-09 23:19:28.552  INFO 8940 --- [main] s.w.s.m.m.a.RequestMappingHandlerMapping : Mapped "{[/error]}" onto public org.springframework.http.ResponseEntity<java.util.Map<java.lang.String, java.lang.Object>> org.springframework.boot.autoconfigure.web.BasicErrorController.error(javax.servlet.http.HttpServletRequest)
2018-05-09 23:19:28.553  INFO 8940 --- [main] s.w.s.m.m.a.RequestMappingHandlerMapping : Mapped "{[/error],produces=[text/html]}" onto public org.springframework.web.servlet.ModelAndView org.springframework.boot.autoconfigure.web.BasicErrorController.errorHtml(javax.servlet.http.HttpServletRequest,javax.servlet.http.HttpServletResponse)
2018-05-09 23:19:28.572  INFO 8940 --- [main] o.s.w.s.handler.SimpleUrlHandlerMapping  : Root mapping to handler of type [class org.springframework.web.servlet.mvc.ParameterizableViewController]
2018-05-09 23:19:28.572  INFO 8940 --- [main] o.s.w.s.handler.SimpleUrlHandlerMapping  : Mapped URL path [/login.html] onto handler of type [class org.springframework.web.servlet.mvc.ParameterizableViewController]
2018-05-09 23:19:28.585  INFO 8940 --- [main] o.s.w.s.handler.SimpleUrlHandlerMapping  : Mapped URL path [/static/**] onto handler of type [class org.springframework.web.servlet.resource.ResourceHttpRequestHandler]
2018-05-09 23:19:28.585  INFO 8940 --- [main] o.s.w.s.handler.SimpleUrlHandlerMapping  : Mapped URL path [/webjars/**] onto handler of type [class org.springframework.web.servlet.resource.ResourceHttpRequestHandler]
2018-05-09 23:19:28.585  INFO 8940 --- [main] o.s.w.s.handler.SimpleUrlHandlerMapping  : Mapped URL path [/**] onto handler of type [class org.springframework.web.servlet.resource.ResourceHttpRequestHandler]
2018-05-09 23:19:28.623  INFO 8940 --- [main] o.s.w.s.handler.SimpleUrlHandlerMapping  : Mapped URL path [/**/favicon.ico] onto handler of type [class org.springframework.web.servlet.resource.ResourceHttpRequestHandler]
2018-05-09 23:19:29.353  INFO 8940 --- [main] o.s.j.e.a.AnnotationMBeanExporter        : Registering beans for JMX exposure on startup
2018-05-09 23:19:29.355  INFO 8940 --- [main] o.s.j.e.a.AnnotationMBeanExporter        : Bean with name 'getDataSources' has been autodetected for JMX exposure
2018-05-09 23:19:29.360  INFO 8940 --- [main] o.s.j.e.a.AnnotationMBeanExporter        : Located MBean 'getDataSources': registering with JMX server as MBean [com.alibaba.druid.pool:name=getDataSources,type=DruidDataSource]
2018-05-09 23:19:29.398  INFO 8940 --- [main] s.b.c.e.t.TomcatEmbeddedServletContainer : Tomcat started on port(s): 8080 (http)
2018-05-09 23:19:29.402  INFO 8940 --- [main] cn.vp.BackStageApplication               : Started BackStageApplication in 5.38 seconds (JVM running for 6.581)
2018-05-09 23:19:32.125  INFO 8940 --- [http-nio-8080-exec-1] o.a.c.c.C.[Tomcat].[localhost].[/]       : Initializing Spring FrameworkServlet 'dispatcherServlet'
2018-05-09 23:19:32.126  INFO 8940 --- [http-nio-8080-exec-1] o.s.web.servlet.DispatcherServlet        : FrameworkServlet 'dispatcherServlet': initialization started
2018-05-09 23:19:32.149  INFO 8940 --- [http-nio-8080-exec-1] o.s.web.servlet.DispatcherServlet        : FrameworkServlet 'dispatcherServlet': initialization completed in 23 ms
2018-05-09 23:19:35.434  INFO 8940 --- [http-nio-8080-exec-7] cn.vp.util.Log                           : 登陆:username=adminpasswordadmin
2018-05-09 23:19:35.713  INFO 8940 --- [http-nio-8080-exec-7] com.alibaba.druid.pool.DruidDataSource   : {dataSource-1} inited
2018-05-09 23:19:35.719 DEBUG 8940 --- [http-nio-8080-exec-7] cn.vp.dao.AdminMapper.selectLogin        : ==>  Preparing: SELECT * FROM tb_admin WHERE admin_user=? AND admin_password=? 
2018-05-09 23:19:35.843 DEBUG 8940 --- [http-nio-8080-exec-7] cn.vp.dao.AdminMapper.selectLogin        : ==> Parameters: admin(String), admin(String)
2018-05-09 23:19:35.864 DEBUG 8940 --- [http-nio-8080-exec-7] cn.vp.dao.AdminMapper.selectLogin        : <==      Total: 1
2018â05â09Â ===Â [main]Â ===Â %PARSER_ERROR[â5levelÂ] ===Â cn.vp.BackStageApplicationÂ ====Â Starting BackStageApplication on PC-20170206EASJ with PID 8960 (H:\workspace\special\back-stage\target\classes started by Administrator in H:\workspace\special)
2018â05â09Â ===Â [main]Â ===Â %PARSER_ERROR[â5levelÂ] ===Â cn.vp.BackStageApplicationÂ ====Â No active profile set, falling back to default profiles: default
2018â05â09Â ===Â [main]Â ===Â %PARSER_ERROR[â5levelÂ] ===Â o.s.b.c.e.AnnotationConfigEmbeddedWebApplicationContextÂ ====Â Refreshing org.springframework.boot.context.embedded.AnnotationConfigEmbeddedWebApplicationContext@661972b0: startup date [Wed May 09 23:23:50 CST 2018]; root of context hierarchy
2018â05â09Â ===Â [main]Â ===Â %PARSER_ERROR[â5levelÂ] ===Â o.s.b.c.e.tomcat.TomcatEmbeddedServletContainerÂ ====Â Tomcat initialized with port(s): 8080 (http)
2018â05â09Â ===Â [main]Â ===Â %PARSER_ERROR[â5levelÂ] ===Â org.apache.catalina.core.StandardServiceÂ ====Â Starting service [Tomcat]
2018â05â09Â ===Â [main]Â ===Â %PARSER_ERROR[â5levelÂ] ===Â org.apache.catalina.core.StandardEngineÂ ====Â Starting Servlet Engine: Apache Tomcat/8.5.29
2018â05â09Â ===Â [localhost-startStop-1]Â ===Â %PARSER_ERROR[â5levelÂ] ===Â o.a.c.core.ContainerBase.[Tomcat].[localhost].[/]Â ====Â Initializing Spring embedded WebApplicationContext
2018â05â09Â ===Â [localhost-startStop-1]Â ===Â %PARSER_ERROR[â5levelÂ] ===Â org.springframework.web.context.ContextLoaderÂ ====Â Root WebApplicationContext: initialization completed in 1495 ms
2018â05â09Â ===Â [localhost-startStop-1]Â ===Â %PARSER_ERROR[â5levelÂ] ===Â o.s.boot.web.servlet.ServletRegistrationBeanÂ ====Â Mapping servlet: 'statViewServlet' to [/druid/*]
2018â05â09Â ===Â [localhost-startStop-1]Â ===Â %PARSER_ERROR[â5levelÂ] ===Â o.s.boot.web.servlet.ServletRegistrationBeanÂ ====Â Mapping servlet: 'dispatcherServlet' to [/]
2018â05â09Â ===Â [localhost-startStop-1]Â ===Â %PARSER_ERROR[â5levelÂ] ===Â o.s.boot.web.servlet.FilterRegistrationBeanÂ ====Â Mapping filter: 'characterEncodingFilter' to: [/*]
2018â05â09Â ===Â [localhost-startStop-1]Â ===Â %PARSER_ERROR[â5levelÂ] ===Â o.s.boot.web.servlet.FilterRegistrationBeanÂ ====Â Mapping filter: 'hiddenHttpMethodFilter' to: [/*]
2018â05â09Â ===Â [localhost-startStop-1]Â ===Â %PARSER_ERROR[â5levelÂ] ===Â o.s.boot.web.servlet.FilterRegistrationBeanÂ ====Â Mapping filter: 'httpPutFormContentFilter' to: [/*]
2018â05â09Â ===Â [localhost-startStop-1]Â ===Â %PARSER_ERROR[â5levelÂ] ===Â o.s.boot.web.servlet.FilterRegistrationBeanÂ ====Â Mapping filter: 'requestContextFilter' to: [/*]
2018â05â09Â ===Â [localhost-startStop-1]Â ===Â %PARSER_ERROR[â5levelÂ] ===Â o.s.boot.web.servlet.FilterRegistrationBeanÂ ====Â Mapping filter: 'webStatFilter' to urls: [/*]
2018â05â09Â ===Â [main]Â ===Â %PARSER_ERROR[â5levelÂ] ===Â o.s.w.s.m.m.a.RequestMappingHandlerAdapterÂ ====Â Looking for @ControllerAdvice: org.springframework.boot.context.embedded.AnnotationConfigEmbeddedWebApplicationContext@661972b0: startup date [Wed May 09 23:23:50 CST 2018]; root of context hierarchy
2018â05â09Â ===Â [main]Â ===Â %PARSER_ERROR[â5levelÂ] ===Â o.s.w.s.m.m.a.RequestMappingHandlerMappingÂ ====Â Mapped "{[/advert.htm]}" onto public java.lang.String cn.vp.controller.controller.AdvertController.advert()
2018â05â09Â ===Â [main]Â ===Â %PARSER_ERROR[â5levelÂ] ===Â o.s.w.s.m.m.a.RequestMappingHandlerMappingÂ ====Â Mapped "{[/adByConditions.do]}" onto public java.lang.String cn.vp.controller.controller.AdvertController.adByConditions(java.lang.Integer)
2018â05â09Â ===Â [main]Â ===Â %PARSER_ERROR[â5levelÂ] ===Â o.s.w.s.m.m.a.RequestMappingHandlerMappingÂ ====Â Mapped "{[/advert]}" onto public java.lang.String cn.vp.controller.controller.AdvertController.addAdvert()
2018â05â09Â ===Â [main]Â ===Â %PARSER_ERROR[â5levelÂ] ===Â o.s.w.s.m.m.a.RequestMappingHandlerMappingÂ ====Â Mapped "{[/index.do]}" onto public java.lang.String cn.vp.controller.controller.IndexController.index(javax.servlet.http.HttpServletRequest,java.lang.String,java.lang.String)
2018â05â09Â ===Â [main]Â ===Â %PARSER_ERROR[â5levelÂ] ===Â o.s.w.s.m.m.a.RequestMappingHandlerMappingÂ ====Â Mapped "{[/query]}" onto public java.lang.String cn.vp.controller.controller.MenuController.list()
2018â05â09Â ===Â [main]Â ===Â %PARSER_ERROR[â5levelÂ] ===Â o.s.w.s.m.m.a.RequestMappingHandlerMappingÂ ====Â Mapped "{[/parentMenu.do]}" onto public java.lang.String cn.vp.controller.controller.MenuController.menu(java.util.Map<java.lang.String, java.lang.Object>)
2018â05â09Â ===Â [main]Â ===Â %PARSER_ERROR[â5levelÂ] ===Â o.s.w.s.m.m.a.RequestMappingHandlerMappingÂ ====Â Mapped "{[/menus.do]}" onto public java.lang.String cn.vp.controller.controller.MenuController.getMenus(java.lang.Integer)
2018â05â09Â ===Â [main]Â ===Â %PARSER_ERROR[â5levelÂ] ===Â o.s.w.s.m.m.a.RequestMappingHandlerMappingÂ ====Â Mapped "{[/menu.do]}" onto public java.lang.String cn.vp.controller.controller.MenuController.addOrEditmenu(java.util.Map<java.lang.String, java.lang.Object>,java.lang.Integer,java.lang.Integer)
2018â05â09Â ===Â [main]Â ===Â %PARSER_ERROR[â5levelÂ] ===Â o.s.w.s.m.m.a.RequestMappingHandlerMappingÂ ====Â Mapped "{[/imageupload.htm]}" onto public java.lang.String cn.vp.controller.controller.MenuController.imageUpload(org.springframework.web.multipart.MultipartFile,java.lang.String)
2018â05â09Â ===Â [main]Â ===Â %PARSER_ERROR[â5levelÂ] ===Â o.s.w.s.m.m.a.RequestMappingHandlerMappingÂ ====Â Mapped "{[/menuHandle.htm]}" onto public java.lang.String cn.vp.controller.controller.MenuController.menuHandle()
2018â05â09Â ===Â [main]Â ===Â %PARSER_ERROR[â5levelÂ] ===Â o.s.w.s.m.m.a.RequestMappingHandlerMappingÂ ====Â Mapped "{[/menuAdd.do]}" onto public java.lang.String cn.vp.controller.controller.MenuController.menuAdd(cn.vp.bean.Menu)
2018â05â09Â ===Â [main]Â ===Â %PARSER_ERROR[â5levelÂ] ===Â o.s.w.s.m.m.a.RequestMappingHandlerMappingÂ ====Â Mapped "{[/delMenu]}" onto public java.lang.String cn.vp.controller.controller.MenuController.delMenu(java.lang.Integer[])
2018â05â09Â ===Â [main]Â ===Â %PARSER_ERROR[â5levelÂ] ===Â o.s.w.s.m.m.a.RequestMappingHandlerMappingÂ ====Â Mapped "{[/menuUpdate.do]}" onto public java.lang.String cn.vp.controller.controller.MenuController.menuUpdate(cn.vp.bean.Menu)
2018â05â09Â ===Â [main]Â ===Â %PARSER_ERROR[â5levelÂ] ===Â o.s.w.s.m.m.a.RequestMappingHandlerMappingÂ ====Â Mapped "{[/error]}" onto public org.springframework.http.ResponseEntity<java.util.Map<java.lang.String, java.lang.Object>> org.springframework.boot.autoconfigure.web.BasicErrorController.error(javax.servlet.http.HttpServletRequest)
2018â05â09Â ===Â [main]Â ===Â %PARSER_ERROR[â5levelÂ] ===Â o.s.w.s.m.m.a.RequestMappingHandlerMappingÂ ====Â Mapped "{[/error],produces=[text/html]}" onto public org.springframework.web.servlet.ModelAndView org.springframework.boot.autoconfigure.web.BasicErrorController.errorHtml(javax.servlet.http.HttpServletRequest,javax.servlet.http.HttpServletResponse)
2018â05â09Â ===Â [main]Â ===Â %PARSER_ERROR[â5levelÂ] ===Â o.s.web.servlet.handler.SimpleUrlHandlerMappingÂ ====Â Root mapping to handler of type [class org.springframework.web.servlet.mvc.ParameterizableViewController]
2018â05â09Â ===Â [main]Â ===Â %PARSER_ERROR[â5levelÂ] ===Â o.s.web.servlet.handler.SimpleUrlHandlerMappingÂ ====Â Mapped URL path [/login.html] onto handler of type [class org.springframework.web.servlet.mvc.ParameterizableViewController]
2018â05â09Â ===Â [main]Â ===Â %PARSER_ERROR[â5levelÂ] ===Â o.s.web.servlet.handler.SimpleUrlHandlerMappingÂ ====Â Mapped URL path [/static/**] onto handler of type [class org.springframework.web.servlet.resource.ResourceHttpRequestHandler]
2018â05â09Â ===Â [main]Â ===Â %PARSER_ERROR[â5levelÂ] ===Â o.s.web.servlet.handler.SimpleUrlHandlerMappingÂ ====Â Mapped URL path [/webjars/**] onto handler of type [class org.springframework.web.servlet.resource.ResourceHttpRequestHandler]
2018â05â09Â ===Â [main]Â ===Â %PARSER_ERROR[â5levelÂ] ===Â o.s.web.servlet.handler.SimpleUrlHandlerMappingÂ ====Â Mapped URL path [/**] onto handler of type [class org.springframework.web.servlet.resource.ResourceHttpRequestHandler]
2018â05â09Â ===Â [main]Â ===Â %PARSER_ERROR[â5levelÂ] ===Â o.s.web.servlet.handler.SimpleUrlHandlerMappingÂ ====Â Mapped URL path [/**/favicon.ico] onto handler of type [class org.springframework.web.servlet.resource.ResourceHttpRequestHandler]
2018â05â09Â ===Â [main]Â ===Â %PARSER_ERROR[â5levelÂ] ===Â o.s.jmx.export.annotation.AnnotationMBeanExporterÂ ====Â Registering beans for JMX exposure on startup
2018â05â09Â ===Â [main]Â ===Â %PARSER_ERROR[â5levelÂ] ===Â o.s.jmx.export.annotation.AnnotationMBeanExporterÂ ====Â Bean with name 'getDataSources' has been autodetected for JMX exposure
2018â05â09Â ===Â [main]Â ===Â %PARSER_ERROR[â5levelÂ] ===Â o.s.jmx.export.annotation.AnnotationMBeanExporterÂ ====Â Located MBean 'getDataSources': registering with JMX server as MBean [com.alibaba.druid.pool:name=getDataSources,type=DruidDataSource]
2018â05â09Â ===Â [main]Â ===Â %PARSER_ERROR[â5levelÂ] ===Â o.s.b.c.e.tomcat.TomcatEmbeddedServletContainerÂ ====Â Tomcat started on port(s): 8080 (http)
2018â05â09Â ===Â [main]Â ===Â %PARSER_ERROR[â5levelÂ] ===Â cn.vp.BackStageApplicationÂ ====Â Started BackStageApplication in 4.773 seconds (JVM running for 5.928)
2018â05â09Â ===Â [http-nio-8080-exec-1]Â ===Â %PARSER_ERROR[â5levelÂ] ===Â o.a.c.core.ContainerBase.[Tomcat].[localhost].[/]Â ====Â Initializing Spring FrameworkServlet 'dispatcherServlet'
2018â05â09Â ===Â [http-nio-8080-exec-1]Â ===Â %PARSER_ERROR[â5levelÂ] ===Â org.springframework.web.servlet.DispatcherServletÂ ====Â FrameworkServlet 'dispatcherServlet': initialization started
2018â05â09Â ===Â [http-nio-8080-exec-1]Â ===Â %PARSER_ERROR[â5levelÂ] ===Â org.springframework.web.servlet.DispatcherServletÂ ====Â FrameworkServlet 'dispatcherServlet': initialization completed in 22 ms
2018â05â09Â ===Â [http-nio-8080-exec-7]Â ===Â %PARSER_ERROR[â5levelÂ] ===Â cn.vp.util.LogÂ ====Â 登陆:username=adminpasswordadmin
2018â05â09Â ===Â [http-nio-8080-exec-7]Â ===Â %PARSER_ERROR[â5levelÂ] ===Â com.alibaba.druid.pool.DruidDataSourceÂ ====Â {dataSource-1} inited
2018â05â09Â ===Â [http-nio-8080-exec-7]Â ===Â %PARSER_ERROR[â5levelÂ] ===Â cn.vp.dao.AdminMapper.selectLoginÂ ====Â ==>  Preparing: SELECT * FROM tb_admin WHERE admin_user=? AND admin_password=? 
2018â05â09Â ===Â [http-nio-8080-exec-7]Â ===Â %PARSER_ERROR[â5levelÂ] ===Â cn.vp.dao.AdminMapper.selectLoginÂ ====Â ==> Parameters: admin(String), admin(String)
2018â05â09Â ===Â [http-nio-8080-exec-7]Â ===Â %PARSER_ERROR[â5levelÂ] ===Â cn.vp.dao.AdminMapper.selectLoginÂ ====Â <==      Total: 1
2018-05-09 23:24:55.640  INFO 8356 --- [main] cn.vp.BackStageApplication               : Starting BackStageApplication on PC-20170206EASJ with PID 8356 (H:\workspace\special\back-stage\target\classes started by Administrator in H:\workspace\special)
2018-05-09 23:24:55.643  INFO 8356 --- [main] cn.vp.BackStageApplication               : No active profile set, falling back to default profiles: default
2018-05-09 23:24:56.111  INFO 8356 --- [main] ationConfigEmbeddedWebApplicationContext : Refreshing org.springframework.boot.context.embedded.AnnotationConfigEmbeddedWebApplicationContext@7c729a55: startup date [Wed May 09 23:24:56 CST 2018]; root of context hierarchy
2018-05-09 23:24:57.746  INFO 8356 --- [main] s.b.c.e.t.TomcatEmbeddedServletContainer : Tomcat initialized with port(s): 8080 (http)
2018-05-09 23:24:57.769  INFO 8356 --- [main] o.apache.catalina.core.StandardService   : Starting service [Tomcat]
2018-05-09 23:24:57.771  INFO 8356 --- [main] org.apache.catalina.core.StandardEngine  : Starting Servlet Engine: Apache Tomcat/8.5.29
2018-05-09 23:24:57.874  INFO 8356 --- [localhost-startStop-1] o.a.c.c.C.[Tomcat].[localhost].[/]       : Initializing Spring embedded WebApplicationContext
2018-05-09 23:24:57.874  INFO 8356 --- [localhost-startStop-1] o.s.web.context.ContextLoader            : Root WebApplicationContext: initialization completed in 1766 ms
2018-05-09 23:24:58.056  INFO 8356 --- [localhost-startStop-1] o.s.b.w.servlet.ServletRegistrationBean  : Mapping servlet: 'statViewServlet' to [/druid/*]
2018-05-09 23:24:58.057  INFO 8356 --- [localhost-startStop-1] o.s.b.w.servlet.ServletRegistrationBean  : Mapping servlet: 'dispatcherServlet' to [/]
2018-05-09 23:24:58.060  INFO 8356 --- [localhost-startStop-1] o.s.b.w.servlet.FilterRegistrationBean   : Mapping filter: 'characterEncodingFilter' to: [/*]
2018-05-09 23:24:58.060  INFO 8356 --- [localhost-startStop-1] o.s.b.w.servlet.FilterRegistrationBean   : Mapping filter: 'hiddenHttpMethodFilter' to: [/*]
2018-05-09 23:24:58.061  INFO 8356 --- [localhost-startStop-1] o.s.b.w.servlet.FilterRegistrationBean   : Mapping filter: 'httpPutFormContentFilter' to: [/*]
2018-05-09 23:24:58.061  INFO 8356 --- [localhost-startStop-1] o.s.b.w.servlet.FilterRegistrationBean   : Mapping filter: 'requestContextFilter' to: [/*]
2018-05-09 23:24:58.061  INFO 8356 --- [localhost-startStop-1] o.s.b.w.servlet.FilterRegistrationBean   : Mapping filter: 'webStatFilter' to urls: [/*]
2018-05-09 23:24:58.998  INFO 8356 --- [main] s.w.s.m.m.a.RequestMappingHandlerAdapter : Looking for @ControllerAdvice: org.springframework.boot.context.embedded.AnnotationConfigEmbeddedWebApplicationContext@7c729a55: startup date [Wed May 09 23:24:56 CST 2018]; root of context hierarchy
2018-05-09 23:24:59.073  INFO 8356 --- [main] s.w.s.m.m.a.RequestMappingHandlerMapping : Mapped "{[/advert.htm]}" onto public java.lang.String cn.vp.controller.controller.AdvertController.advert()
2018-05-09 23:24:59.076  INFO 8356 --- [main] s.w.s.m.m.a.RequestMappingHandlerMapping : Mapped "{[/adByConditions.do]}" onto public java.lang.String cn.vp.controller.controller.AdvertController.adByConditions(java.lang.Integer)
2018-05-09 23:24:59.076  INFO 8356 --- [main] s.w.s.m.m.a.RequestMappingHandlerMapping : Mapped "{[/advert]}" onto public java.lang.String cn.vp.controller.controller.AdvertController.addAdvert()
2018-05-09 23:24:59.077  INFO 8356 --- [main] s.w.s.m.m.a.RequestMappingHandlerMapping : Mapped "{[/index.do]}" onto public java.lang.String cn.vp.controller.controller.IndexController.index(javax.servlet.http.HttpServletRequest,java.lang.String,java.lang.String)
2018-05-09 23:24:59.078  INFO 8356 --- [main] s.w.s.m.m.a.RequestMappingHandlerMapping : Mapped "{[/query]}" onto public java.lang.String cn.vp.controller.controller.MenuController.list()
2018-05-09 23:24:59.079  INFO 8356 --- [main] s.w.s.m.m.a.RequestMappingHandlerMapping : Mapped "{[/parentMenu.do]}" onto public java.lang.String cn.vp.controller.controller.MenuController.menu(java.util.Map<java.lang.String, java.lang.Object>)
2018-05-09 23:24:59.079  INFO 8356 --- [main] s.w.s.m.m.a.RequestMappingHandlerMapping : Mapped "{[/menus.do]}" onto public java.lang.String cn.vp.controller.controller.MenuController.getMenus(java.lang.Integer)
2018-05-09 23:24:59.079  INFO 8356 --- [main] s.w.s.m.m.a.RequestMappingHandlerMapping : Mapped "{[/menu.do]}" onto public java.lang.String cn.vp.controller.controller.MenuController.addOrEditmenu(java.util.Map<java.lang.String, java.lang.Object>,java.lang.Integer,java.lang.Integer)
2018-05-09 23:24:59.080  INFO 8356 --- [main] s.w.s.m.m.a.RequestMappingHandlerMapping : Mapped "{[/imageupload.htm]}" onto public java.lang.String cn.vp.controller.controller.MenuController.imageUpload(org.springframework.web.multipart.MultipartFile,java.lang.String)
2018-05-09 23:24:59.080  INFO 8356 --- [main] s.w.s.m.m.a.RequestMappingHandlerMapping : Mapped "{[/menuHandle.htm]}" onto public java.lang.String cn.vp.controller.controller.MenuController.menuHandle()
2018-05-09 23:24:59.080  INFO 8356 --- [main] s.w.s.m.m.a.RequestMappingHandlerMapping : Mapped "{[/menuAdd.do]}" onto public java.lang.String cn.vp.controller.controller.MenuController.menuAdd(cn.vp.bean.Menu)
2018-05-09 23:24:59.080  INFO 8356 --- [main] s.w.s.m.m.a.RequestMappingHandlerMapping : Mapped "{[/delMenu]}" onto public java.lang.String cn.vp.controller.controller.MenuController.delMenu(java.lang.Integer[])
2018-05-09 23:24:59.080  INFO 8356 --- [main] s.w.s.m.m.a.RequestMappingHandlerMapping : Mapped "{[/menuUpdate.do]}" onto public java.lang.String cn.vp.controller.controller.MenuController.menuUpdate(cn.vp.bean.Menu)
2018-05-09 23:24:59.084  INFO 8356 --- [main] s.w.s.m.m.a.RequestMappingHandlerMapping : Mapped "{[/error]}" onto public org.springframework.http.ResponseEntity<java.util.Map<java.lang.String, java.lang.Object>> org.springframework.boot.autoconfigure.web.BasicErrorController.error(javax.servlet.http.HttpServletRequest)
2018-05-09 23:24:59.085  INFO 8356 --- [main] s.w.s.m.m.a.RequestMappingHandlerMapping : Mapped "{[/error],produces=[text/html]}" onto public org.springframework.web.servlet.ModelAndView org.springframework.boot.autoconfigure.web.BasicErrorController.errorHtml(javax.servlet.http.HttpServletRequest,javax.servlet.http.HttpServletResponse)
2018-05-09 23:24:59.106  INFO 8356 --- [main] o.s.w.s.handler.SimpleUrlHandlerMapping  : Root mapping to handler of type [class org.springframework.web.servlet.mvc.ParameterizableViewController]
2018-05-09 23:24:59.106  INFO 8356 --- [main] o.s.w.s.handler.SimpleUrlHandlerMapping  : Mapped URL path [/login.html] onto handler of type [class org.springframework.web.servlet.mvc.ParameterizableViewController]
2018-05-09 23:24:59.115  INFO 8356 --- [main] o.s.w.s.handler.SimpleUrlHandlerMapping  : Mapped URL path [/static/**] onto handler of type [class org.springframework.web.servlet.resource.ResourceHttpRequestHandler]
2018-05-09 23:24:59.115  INFO 8356 --- [main] o.s.w.s.handler.SimpleUrlHandlerMapping  : Mapped URL path [/webjars/**] onto handler of type [class org.springframework.web.servlet.resource.ResourceHttpRequestHandler]
2018-05-09 23:24:59.115  INFO 8356 --- [main] o.s.w.s.handler.SimpleUrlHandlerMapping  : Mapped URL path [/**] onto handler of type [class org.springframework.web.servlet.resource.ResourceHttpRequestHandler]
2018-05-09 23:24:59.156  INFO 8356 --- [main] o.s.w.s.handler.SimpleUrlHandlerMapping  : Mapped URL path [/**/favicon.ico] onto handler of type [class org.springframework.web.servlet.resource.ResourceHttpRequestHandler]
2018-05-09 23:24:59.831  INFO 8356 --- [main] o.s.j.e.a.AnnotationMBeanExporter        : Registering beans for JMX exposure on startup
2018-05-09 23:24:59.833  INFO 8356 --- [main] o.s.j.e.a.AnnotationMBeanExporter        : Bean with name 'getDataSources' has been autodetected for JMX exposure
2018-05-09 23:24:59.839  INFO 8356 --- [main] o.s.j.e.a.AnnotationMBeanExporter        : Located MBean 'getDataSources': registering with JMX server as MBean [com.alibaba.druid.pool:name=getDataSources,type=DruidDataSource]
2018-05-09 23:24:59.876  INFO 8356 --- [main] s.b.c.e.t.TomcatEmbeddedServletContainer : Tomcat started on port(s): 8080 (http)
2018-05-09 23:24:59.882  INFO 8356 --- [main] cn.vp.BackStageApplication               : Started BackStageApplication in 4.689 seconds (JVM running for 5.823)
2018-05-09 23:25:06.708  INFO 8356 --- [http-nio-8080-exec-1] o.a.c.c.C.[Tomcat].[localhost].[/]       : Initializing Spring FrameworkServlet 'dispatcherServlet'
2018-05-09 23:25:06.709  INFO 8356 --- [http-nio-8080-exec-1] o.s.web.servlet.DispatcherServlet        : FrameworkServlet 'dispatcherServlet': initialization started
2018-05-09 23:25:06.747  INFO 8356 --- [http-nio-8080-exec-1] o.s.web.servlet.DispatcherServlet        : FrameworkServlet 'dispatcherServlet': initialization completed in 38 ms
2018-05-09 23:25:09.792  INFO 8356 --- [http-nio-8080-exec-8] cn.vp.util.Log                           : 登陆:username=adminpasswordadmin
2018-05-09 23:25:10.073  INFO 8356 --- [http-nio-8080-exec-8] com.alibaba.druid.pool.DruidDataSource   : {dataSource-1} inited
2018-05-09 23:25:10.077 DEBUG 8356 --- [http-nio-8080-exec-8] cn.vp.dao.AdminMapper.selectLogin        : ==>  Preparing: SELECT * FROM tb_admin WHERE admin_user=? AND admin_password=? 
2018-05-09 23:25:10.206 DEBUG 8356 --- [http-nio-8080-exec-8] cn.vp.dao.AdminMapper.selectLogin        : ==> Parameters: admin(String), admin(String)
2018-05-09 23:25:10.226 DEBUG 8356 --- [http-nio-8080-exec-8] cn.vp.dao.AdminMapper.selectLogin        : <==      Total: 1
